Determining if the pthread_create exist failed with the following output:
Change Dir: /home/kyrre/Dokumenter/prosjektoppgave/masteroppgave/code/prototyping isam/c++2python- FactorClasses/build/CMakeFiles/CMakeTmp

Run Build Command(s):/usr/bin/make cmTC_b62d7/fast 
/usr/bin/make -f CMakeFiles/cmTC_b62d7.dir/build.make CMakeFiles/cmTC_b62d7.dir/build
make[1]: Entering directory '/home/kyrre/Dokumenter/prosjektoppgave/masteroppgave/code/prototyping isam/c++2python- FactorClasses/build/CMakeFiles/CMakeTmp'
Building C object CMakeFiles/cmTC_b62d7.dir/CheckSymbolExists.c.o
/usr/bin/cc    -o CMakeFiles/cmTC_b62d7.dir/CheckSymbolExists.c.o   -c "/home/kyrre/Dokumenter/prosjektoppgave/masteroppgave/code/prototyping isam/c++2python- FactorClasses/build/CMakeFiles/CMakeTmp/CheckSymbolExists.c"
Linking C executable cmTC_b62d7
/home/kyrre/miniconda3/envs/IP37/bin/cmake -E cmake_link_script CMakeFiles/cmTC_b62d7.dir/link.txt --verbose=1
/usr/bin/cc      CMakeFiles/cmTC_b62d7.dir/CheckSymbolExists.c.o  -o cmTC_b62d7 
/usr/bin/ld: CMakeFiles/cmTC_b62d7.dir/CheckSymbolExists.c.o: in function `main':
CheckSymbolExists.c:(.text+0x1f): undefined reference to `pthread_create'
collect2: error: ld returned 1 exit status
make[1]: *** [CMakeFiles/cmTC_b62d7.dir/build.make:87: cmTC_b62d7] Error 1
make[1]: Leaving directory '/home/kyrre/Dokumenter/prosjektoppgave/masteroppgave/code/prototyping isam/c++2python- FactorClasses/build/CMakeFiles/CMakeTmp'
make: *** [Makefile:121: cmTC_b62d7/fast] Error 2

File /home/kyrre/Dokumenter/prosjektoppgave/masteroppgave/code/prototyping isam/c++2python- FactorClasses/build/CMakeFiles/CMakeTmp/CheckSymbolExists.c:
/* */
#include <pthread.h>

int main(int argc, char** argv)
{
  (void)argv;
#ifndef pthread_create
  return ((int*)(&pthread_create))[argc];
#else
  (void)argc;
  return 0;
#endif
}

Determining if the function pthread_create exists in the pthreads failed with the following output:
Change Dir: /home/kyrre/Dokumenter/prosjektoppgave/masteroppgave/code/prototyping isam/c++2python- FactorClasses/build/CMakeFiles/CMakeTmp

Run Build Command(s):/usr/bin/make cmTC_cad30/fast 
/usr/bin/make -f CMakeFiles/cmTC_cad30.dir/build.make CMakeFiles/cmTC_cad30.dir/build
make[1]: Entering directory '/home/kyrre/Dokumenter/prosjektoppgave/masteroppgave/code/prototyping isam/c++2python- FactorClasses/build/CMakeFiles/CMakeTmp'
Building C object CMakeFiles/cmTC_cad30.dir/CheckFunctionExists.c.o
/usr/bin/cc   -DCHECK_FUNCTION_EXISTS=pthread_create   -o CMakeFiles/cmTC_cad30.dir/CheckFunctionExists.c.o   -c /home/kyrre/miniconda3/envs/IP37/share/cmake-3.14/Modules/CheckFunctionExists.c
Linking C executable cmTC_cad30
/home/kyrre/miniconda3/envs/IP37/bin/cmake -E cmake_link_script CMakeFiles/cmTC_cad30.dir/link.txt --verbose=1
/usr/bin/cc  -DCHECK_FUNCTION_EXISTS=pthread_create    CMakeFiles/cmTC_cad30.dir/CheckFunctionExists.c.o  -o cmTC_cad30 -lpthreads 
/usr/bin/ld: cannot find -lpthreads
collect2: error: ld returned 1 exit status
make[1]: *** [CMakeFiles/cmTC_cad30.dir/build.make:87: cmTC_cad30] Error 1
make[1]: Leaving directory '/home/kyrre/Dokumenter/prosjektoppgave/masteroppgave/code/prototyping isam/c++2python- FactorClasses/build/CMakeFiles/CMakeTmp'
make: *** [Makefile:121: cmTC_cad30/fast] Error 2


